{"C:\\Users\\lenovo\\Desktop\\JAVASCRIPT 2021\\WEB PROGRAMLAMA\\odev02\\src\\kod.js": {"path":"C:\\Users\\lenovo\\Desktop\\JAVASCRIPT 2021\\WEB PROGRAMLAMA\\odev02\\src\\kod.js","statementMap":{"0":{"start":{"line":1,"column":15},"end":{"line":5,"column":1}},"1":{"start":{"line":9,"column":20},"end":{"line":9,"column":33}},"2":{"start":{"line":12,"column":0},"end":{"line":12,"column":10}},"3":{"start":{"line":15,"column":4},"end":{"line":15,"column":78}},"4":{"start":{"line":16,"column":4},"end":{"line":16,"column":78}},"5":{"start":{"line":17,"column":4},"end":{"line":17,"column":78}},"6":{"start":{"line":18,"column":4},"end":{"line":18,"column":15}},"7":{"start":{"line":23,"column":4},"end":{"line":23,"column":52}},"8":{"start":{"line":25,"column":16},"end":{"line":25,"column":22}},"9":{"start":{"line":27,"column":4},"end":{"line":27,"column":73}},"10":{"start":{"line":30,"column":4},"end":{"line":30,"column":15}},"11":{"start":{"line":32,"column":4},"end":{"line":37,"column":5}},"12":{"start":{"line":33,"column":6},"end":{"line":33,"column":101}},"13":{"start":{"line":35,"column":9},"end":{"line":37,"column":5}},"14":{"start":{"line":36,"column":8},"end":{"line":36,"column":93}}},"fnMap":{"0":{"name":"newGame","decl":{"start":{"line":14,"column":16},"end":{"line":14,"column":23}},"loc":{"start":{"line":14,"column":25},"end":{"line":19,"column":1}},"line":14},"1":{"name":"Game","decl":{"start":{"line":21,"column":16},"end":{"line":21,"column":20}},"loc":{"start":{"line":21,"column":25},"end":{"line":38,"column":1}},"line":21}},"branchMap":{"0":{"loc":{"start":{"line":32,"column":4},"end":{"line":37,"column":5}},"type":"if","locations":[{"start":{"line":32,"column":4},"end":{"line":37,"column":5}},{"start":{"line":32,"column":4},"end":{"line":37,"column":5}}],"line":32},"1":{"loc":{"start":{"line":35,"column":9},"end":{"line":37,"column":5}},"type":"if","locations":[{"start":{"line":35,"column":9},"end":{"line":37,"column":5}},{"start":{"line":35,"column":9},"end":{"line":37,"column":5}}],"line":35}},"s":{"0":0,"1":0,"2":0,"3":0,"4":0,"5":0,"6":0,"7":0,"8":0,"9":0,"10":0,"11":0,"12":0,"13":0,"14":0},"f":{"0":0,"1":0},"b":{"0":[0,0],"1":[0,0]}}
}
