<?xml version="1.0" encoding="UTF-8"?>
<coverage generated="1615819694412" clover="3.2.0">
  <project timestamp="1615819694412" name="All files">
    <metrics statements="15" coveredstatements="0" conditionals="4" coveredconditionals="0" methods="2" coveredmethods="0" elements="21" coveredelements="0" complexity="0" loc="15" ncloc="15" packages="1" files="1" classes="1"/>
    <file name="kod.js" path="C:\Users\lenovo\Desktop\JAVASCRIPT 2021\WEB PROGRAMLAMA\odev02\src\kod.js">
      <metrics statements="15" coveredstatements="0" conditionals="4" coveredconditionals="0" methods="2" coveredmethods="0"/>
      <line num="1" count="0" type="stmt"/>
      <line num="9" count="0" type="stmt"/>
      <line num="12" count="0" type="stmt"/>
      <line num="15" count="0" type="stmt"/>
      <line num="16" count="0" type="stmt"/>
      <line num="17" count="0" type="stmt"/>
      <line num="18" count="0" type="stmt"/>
      <line num="23" count="0" type="stmt"/>
      <line num="25" count="0" type="stmt"/>
      <line num="27" count="0" type="stmt"/>
      <line num="30" count="0" type="stmt"/>
      <line num="32" count="0" type="cond" truecount="0" falsecount="2"/>
      <line num="33" count="0" type="stmt"/>
      <line num="35" count="0" type="cond" truecount="0" falsecount="2"/>
      <line num="36" count="0" type="stmt"/>
    </file>
  </project>
</coverage>
